[0113/161932.496:ERROR:process_reader_win.cc(123)] NtOpenThread: {Access Denied} A process has requested access to an object, but has not been granted those access rights. (0xc0000022)
[0113/161932.499:ERROR:exception_snapshot_win.cc(98)] thread ID 8692 not found in process
[0113/214656.468:ERROR:process_reader_win.cc(123)] NtOpenThread: {Access Denied} A process has requested access to an object, but has not been granted those access rights. (0xc0000022)
[0113/214656.470:ERROR:exception_snapshot_win.cc(98)] thread ID 15692 not found in process
[0115/203909.477:ERROR:process_reader_win.cc(123)] NtOpenThread: {Access Denied} A process has requested access to an object, but has not been granted those access rights. (0xc0000022)
[0115/203909.480:ERROR:exception_snapshot_win.cc(98)] thread ID 12588 not found in process
[0115/204432.657:ERROR:process_reader_win.cc(151)] SuspendThread: Access is denied. (0x5)
[0115/204432.659:ERROR:process_reader_win.cc(151)] SuspendThread: Access is denied. (0x5)
[0115/204432.659:ERROR:process_reader_win.cc(151)] SuspendThread: Access is denied. (0x5)
[0115/204432.659:ERROR:process_reader_win.cc(151)] SuspendThread: Access is denied. (0x5)
[0115/204432.659:ERROR:process_reader_win.cc(151)] SuspendThread: Access is denied. (0x5)
[0115/204432.659:ERROR:process_reader_win.cc(123)] NtOpenThread: {Access Denied} A process has requested access to an object, but has not been granted those access rights. (0xc0000022)
[0115/204432.660:ERROR:exception_snapshot_win.cc(98)] thread ID 12640 not found in process
[0115/204615.408:ERROR:process_reader_win.cc(123)] NtOpenThread: {Access Denied} A process has requested access to an object, but has not been granted those access rights. (0xc0000022)
[0115/204615.410:ERROR:exception_snapshot_win.cc(98)] thread ID 11664 not found in process
[0115/204816.490:ERROR:process_reader_win.cc(151)] SuspendThread: Access is denied. (0x5)
[0115/204816.492:ERROR:process_reader_win.cc(151)] SuspendThread: Access is denied. (0x5)
[0115/204816.492:ERROR:process_reader_win.cc(151)] SuspendThread: Access is denied. (0x5)
[0115/204816.492:ERROR:process_reader_win.cc(151)] SuspendThread: Access is denied. (0x5)
[0115/204816.492:ERROR:process_reader_win.cc(123)] NtOpenThread: {Access Denied} A process has requested access to an object, but has not been granted those access rights. (0xc0000022)
[0115/204816.493:ERROR:exception_snapshot_win.cc(98)] thread ID 5128 not found in process
[0115/210114.669:ERROR:process_reader_win.cc(151)] SuspendThread: Access is denied. (0x5)
[0115/210114.670:ERROR:process_reader_win.cc(151)] SuspendThread: Access is denied. (0x5)
[0115/210114.671:ERROR:process_reader_win.cc(151)] SuspendThread: Access is denied. (0x5)
[0115/210114.671:ERROR:process_reader_win.cc(151)] SuspendThread: Access is denied. (0x5)
[0115/210114.671:ERROR:process_reader_win.cc(123)] NtOpenThread: {Access Denied} A process has requested access to an object, but has not been granted those access rights. (0xc0000022)
[0115/210114.671:ERROR:exception_snapshot_win.cc(98)] thread ID 13728 not found in process
[0119/130350.632:ERROR:process_reader_win.cc(123)] NtOpenThread: {Access Denied} A process has requested access to an object, but has not been granted those access rights. (0xc0000022)
[0119/130350.635:ERROR:exception_snapshot_win.cc(98)] thread ID 6464 not found in process
[0119/182916.674:ERROR:process_reader_win.cc(151)] SuspendThread: Access is denied. (0x5)
[0119/182916.694:ERROR:process_reader_win.cc(151)] SuspendThread: Access is denied. (0x5)
[0119/182916.694:ERROR:process_reader_win.cc(151)] SuspendThread: Access is denied. (0x5)
[0119/182916.695:ERROR:process_reader_win.cc(151)] SuspendThread: Access is denied. (0x5)
[0119/182916.695:ERROR:process_reader_win.cc(151)] SuspendThread: Access is denied. (0x5)
[0119/182916.695:ERROR:process_reader_win.cc(123)] NtOpenThread: {Access Denied} A process has requested access to an object, but has not been granted those access rights. (0xc0000022)
[0119/182916.717:ERROR:exception_snapshot_win.cc(98)] thread ID 13608 not found in process
[0119/184155.082:ERROR:process_reader_win.cc(151)] SuspendThread: Access is denied. (0x5)
[0119/184155.100:ERROR:process_reader_win.cc(151)] SuspendThread: Access is denied. (0x5)
[0119/184155.100:ERROR:process_reader_win.cc(151)] SuspendThread: Access is denied. (0x5)
[0119/184155.100:ERROR:process_reader_win.cc(151)] SuspendThread: Access is denied. (0x5)
[0119/184155.100:ERROR:process_reader_win.cc(151)] SuspendThread: Access is denied. (0x5)
[0119/184155.100:ERROR:process_reader_win.cc(123)] NtOpenThread: {Access Denied} A process has requested access to an object, but has not been granted those access rights. (0xc0000022)
[0119/184155.101:ERROR:exception_snapshot_win.cc(98)] thread ID 13588 not found in process
[0126/211909.247:ERROR:process_reader_win.cc(123)] NtOpenThread: {Access Denied} A process has requested access to an object, but has not been granted those access rights. (0xc0000022)
[0126/211909.250:ERROR:exception_snapshot_win.cc(98)] thread ID 12440 not found in process
[0126/214721.692:ERROR:process_reader_win.cc(123)] NtOpenThread: {Access Denied} A process has requested access to an object, but has not been granted those access rights. (0xc0000022)
[0126/214721.694:ERROR:exception_snapshot_win.cc(98)] thread ID 8768 not found in process
[0126/215159.093:ERROR:process_reader_win.cc(123)] NtOpenThread: {Access Denied} A process has requested access to an object, but has not been granted those access rights. (0xc0000022)
[0126/215159.095:ERROR:exception_snapshot_win.cc(98)] thread ID 1544 not found in process
[0126/215241.724:ERROR:process_reader_win.cc(123)] NtOpenThread: {Access Denied} A process has requested access to an object, but has not been granted those access rights. (0xc0000022)
[0126/215241.726:ERROR:exception_snapshot_win.cc(98)] thread ID 892 not found in process
[0126/215447.664:ERROR:process_reader_win.cc(123)] NtOpenThread: {Access Denied} A process has requested access to an object, but has not been granted those access rights. (0xc0000022)
[0126/215447.666:ERROR:exception_snapshot_win.cc(98)] thread ID 13200 not found in process
[0126/221012.829:ERROR:process_reader_win.cc(123)] NtOpenThread: {Access Denied} A process has requested access to an object, but has not been granted those access rights. (0xc0000022)
[0126/221012.831:ERROR:exception_snapshot_win.cc(98)] thread ID 13116 not found in process
[0126/221235.304:ERROR:process_reader_win.cc(123)] NtOpenThread: {Access Denied} A process has requested access to an object, but has not been granted those access rights. (0xc0000022)
[0126/221235.306:ERROR:exception_snapshot_win.cc(98)] thread ID 6044 not found in process
[0126/221347.072:ERROR:process_reader_win.cc(123)] NtOpenThread: {Access Denied} A process has requested access to an object, but has not been granted those access rights. (0xc0000022)
[0126/221347.074:ERROR:exception_snapshot_win.cc(98)] thread ID 14188 not found in process
[0126/221447.386:ERROR:process_reader_win.cc(123)] NtOpenThread: {Access Denied} A process has requested access to an object, but has not been granted those access rights. (0xc0000022)
[0126/221447.387:ERROR:exception_snapshot_win.cc(98)] thread ID 2928 not found in process
[0126/221539.835:ERROR:process_reader_win.cc(123)] NtOpenThread: {Access Denied} A process has requested access to an object, but has not been granted those access rights. (0xc0000022)
[0126/221539.837:ERROR:exception_snapshot_win.cc(98)] thread ID 8008 not found in process
[0126/221653.271:ERROR:process_reader_win.cc(123)] NtOpenThread: {Access Denied} A process has requested access to an object, but has not been granted those access rights. (0xc0000022)
[0126/221653.273:ERROR:exception_snapshot_win.cc(98)] thread ID 7576 not found in process
[0126/222033.377:ERROR:process_reader_win.cc(123)] NtOpenThread: {Access Denied} A process has requested access to an object, but has not been granted those access rights. (0xc0000022)
[0126/222033.379:ERROR:exception_snapshot_win.cc(98)] thread ID 12744 not found in process
[0126/222409.339:ERROR:process_reader_win.cc(123)] NtOpenThread: {Access Denied} A process has requested access to an object, but has not been granted those access rights. (0xc0000022)
[0126/222409.341:ERROR:exception_snapshot_win.cc(98)] thread ID 11660 not found in process
[0126/222516.156:ERROR:process_reader_win.cc(123)] NtOpenThread: {Access Denied} A process has requested access to an object, but has not been granted those access rights. (0xc0000022)
[0126/222516.159:ERROR:exception_snapshot_win.cc(98)] thread ID 13392 not found in process
[0318/205906.361:ERROR:process_reader_win.cc(151)] SuspendThread: Access is denied. (0x5)
[0318/205906.363:ERROR:process_reader_win.cc(151)] SuspendThread: Access is denied. (0x5)
[0318/205906.363:ERROR:process_reader_win.cc(123)] NtOpenThread: {Access Denied} A process has requested access to an object, but has not been granted those access rights. (0xc0000022)
[0318/205906.364:ERROR:exception_snapshot_win.cc(98)] thread ID 13108 not found in process
[0318/205906.380:ERROR:process_reader_win.cc(151)] SuspendThread: Access is denied. (0x5)
[0318/205906.381:ERROR:process_reader_win.cc(123)] NtOpenThread: {Access Denied} A process has requested access to an object, but has not been granted those access rights. (0xc0000022)
[0318/205906.381:ERROR:exception_snapshot_win.cc(98)] thread ID 9000 not found in process
[0318/205906.388:ERROR:process_reader_win.cc(151)] SuspendThread: Access is denied. (0x5)
[0318/205906.388:ERROR:process_reader_win.cc(151)] SuspendThread: Access is denied. (0x5)
[0318/205906.388:ERROR:process_reader_win.cc(151)] SuspendThread: Access is denied. (0x5)
[0318/205906.388:ERROR:process_reader_win.cc(151)] SuspendThread: Access is denied. (0x5)
[0318/205906.388:ERROR:process_reader_win.cc(123)] NtOpenThread: {Access Denied} A process has requested access to an object, but has not been granted those access rights. (0xc0000022)
[0318/205906.388:ERROR:exception_snapshot_win.cc(98)] thread ID 7260 not found in process
[0320/211604.060:ERROR:process_reader_win.cc(151)] SuspendThread: Access is denied. (0x5)
[0320/211604.063:ERROR:process_reader_win.cc(123)] NtOpenThread: {Access Denied} A process has requested access to an object, but has not been granted those access rights. (0xc0000022)
[0320/211604.064:ERROR:exception_snapshot_win.cc(98)] thread ID 14968 not found in process
[0320/211604.097:ERROR:process_reader_win.cc(123)] NtOpenThread: {Access Denied} A process has requested access to an object, but has not been granted those access rights. (0xc0000022)
[0320/211604.098:ERROR:exception_snapshot_win.cc(98)] thread ID 17680 not found in process
[0320/214148.662:ERROR:process_reader_win.cc(123)] NtOpenThread: {Access Denied} A process has requested access to an object, but has not been granted those access rights. (0xc0000022)
[0320/214148.665:ERROR:exception_snapshot_win.cc(98)] thread ID 14488 not found in process
[0320/214148.691:ERROR:process_reader_win.cc(123)] NtOpenThread: {Access Denied} A process has requested access to an object, but has not been granted those access rights. (0xc0000022)
[0320/214148.692:ERROR:exception_snapshot_win.cc(98)] thread ID 18328 not found in process
[0328/172558.878:ERROR:file_io.cc(89)] ReadExactly: expected 36, observed 0
[0330/232033.750:ERROR:process_reader_win.cc(151)] SuspendThread: Access is denied. (0x5)
[0330/232033.753:ERROR:process_reader_win.cc(151)] SuspendThread: Access is denied. (0x5)
[0330/232033.753:ERROR:process_reader_win.cc(123)] NtOpenThread: {Access Denied} A process has requested access to an object, but has not been granted those access rights. (0xc0000022)
[0330/232033.755:ERROR:exception_snapshot_win.cc(98)] thread ID 12500 not found in process
[0330/232033.776:ERROR:process_reader_win.cc(123)] NtOpenThread: {Access Denied} A process has requested access to an object, but has not been granted those access rights. (0xc0000022)
[0330/232033.776:ERROR:exception_snapshot_win.cc(98)] thread ID 7748 not found in process
[0330/232033.788:ERROR:process_reader_win.cc(151)] SuspendThread: Access is denied. (0x5)
[0330/232033.788:ERROR:process_reader_win.cc(123)] NtOpenThread: {Access Denied} A process has requested access to an object, but has not been granted those access rights. (0xc0000022)
[0330/232033.789:ERROR:exception_snapshot_win.cc(98)] thread ID 11780 not found in process
[0415/212521.576:ERROR:process_reader_win.cc(151)] SuspendThread: Access is denied. (0x5)
[0415/212521.578:ERROR:process_reader_win.cc(151)] SuspendThread: Access is denied. (0x5)
[0415/212521.579:ERROR:process_reader_win.cc(123)] NtOpenThread: {Access Denied} A process has requested access to an object, but has not been granted those access rights. (0xc0000022)
[0415/212521.580:ERROR:exception_snapshot_win.cc(98)] thread ID 7384 not found in process
[0415/212521.596:ERROR:process_reader_win.cc(123)] NtOpenThread: {Access Denied} A process has requested access to an object, but has not been granted those access rights. (0xc0000022)
[0415/212521.596:ERROR:exception_snapshot_win.cc(98)] thread ID 2300 not found in process
[0415/212521.601:ERROR:process_reader_win.cc(123)] NtOpenThread: {Access Denied} A process has requested access to an object, but has not been granted those access rights. (0xc0000022)
[0415/212521.601:ERROR:exception_snapshot_win.cc(98)] thread ID 13292 not found in process
[0825/172610.951:ERROR:process_reader_win.cc(151)] SuspendThread: Access is denied. (0x5)
[0825/172610.954:ERROR:process_reader_win.cc(151)] SuspendThread: Access is denied. (0x5)
[0825/172610.954:ERROR:process_reader_win.cc(123)] NtOpenThread: {Access Denied} A process has requested access to an object, but has not been granted those access rights. (0xc0000022)
[0825/172610.955:ERROR:exception_snapshot_win.cc(98)] thread ID 13900 not found in process
[0825/172610.968:ERROR:process_reader_win.cc(151)] SuspendThread: Access is denied. (0x5)
[0825/172610.968:ERROR:process_reader_win.cc(151)] SuspendThread: Access is denied. (0x5)
[0825/172610.968:ERROR:process_reader_win.cc(151)] SuspendThread: Access is denied. (0x5)
[0825/172610.968:ERROR:process_reader_win.cc(123)] NtOpenThread: {Access Denied} A process has requested access to an object, but has not been granted those access rights. (0xc0000022)
[0825/172610.968:ERROR:exception_snapshot_win.cc(98)] thread ID 2548 not found in process
[0826/102506.444:ERROR:scoped_process_suspend.cc(31)] NtSuspendProcess: An attempt was made to access an exiting process. (0xc000010a)
[0826/102506.474:ERROR:process_info.cc(118)] ReadProcessMemory bool __cdecl crashpad::(anonymous namespace)::ReadStruct(HANDLE, crashpad::WinVMAddress, T *) [T = crashpad::process_types::PEB<crashpad::process_types::internal::Traits64>]: Only part of a ReadProcessMemory or WriteProcessMemory request was completed. (0x12B)
[0826/102506.474:ERROR:process_info.cc(551)] ReadProcessData failed
[1114/095732.706:ERROR:directory_reader_win.cc(43)] FindFirstFile: The system cannot find the path specified. (0x3)
[1114/102102.838:ERROR:directory_reader_win.cc(43)] FindFirstFile: The system cannot find the path specified. (0x3)
[1114/210825.152:ERROR:directory_reader_win.cc(43)] FindFirstFile: The system cannot find the path specified. (0x3)
